# JRE version: Java(TM) SE Runtime Environment (8.0_131-b11) (build 1.8.0_131-b11)
# Java VM: Java HotSpot(TM) 64-Bit Server VM (25.131-b11 mixed mode windows-amd64 compressed oops)
Heap:
 PSYoungGen      total 269824K, used 117036K [0x00000000d5800000, 0x00000000e7680000, 0x0000000100000000)
  eden space 256512K, 45% used [0x00000000d5800000,0x00000000dca4b3d0,0x00000000e5280000)
  from space 13312K, 0% used [0x00000000e6200000,0x00000000e6200000,0x00000000e6f00000)
  to   space 15872K, 18% used [0x00000000e5280000,0x00000000e5555748,0x00000000e6200000)
 ParOldGen       total 102912K, used 25401K [0x0000000080800000, 0x0000000086c80000, 0x00000000d5800000)
  object space 102912K, 24% used [0x0000000080800000,0x00000000820ce7b0,0x0000000086c80000)
 Metaspace       used 41254K, capacity 41748K, committed 41856K, reserved 1089536K
  class space    used 5096K, capacity 5221K, committed 5248K, reserved 1048576K
GC Heap History (10 events):
Event: 1.923 GC heap before
{Heap before GC invocations=8 (full 1):
 PSYoungGen      total 143872K, used 133120K [0x00000000d5800000, 0x00000000df000000, 0x0000000100000000)
  eden space 133120K, 100% used [0x00000000d5800000,0x00000000dda00000,0x00000000dda00000)
  from space 10752K, 0% used [0x00000000de580000,0x00000000de580000,0x00000000df000000)
  to   space 11264K, 0% used [0x00000000dda00000,0x00000000dda00000,0x00000000de500000)
 ParOldGen       total 64512K, used 10817K [0x0000000080800000, 0x0000000084700000, 0x00000000d5800000)
  object space 64512K, 16% used [0x0000000080800000,0x0000000081290418,0x0000000084700000)
 Metaspace       used 22871K, capacity 23222K, committed 23344K, reserved 1069056K
  class space    used 2846K, capacity 2941K, committed 2944K, reserved 1048576K
Event: 1.930 GC heap after
Heap after GC invocations=8 (full 1):
 PSYoungGen      total 144384K, used 6184K [0x00000000d5800000, 0x00000000e3200000, 0x0000000100000000)
  eden space 133120K, 0% used [0x00000000d5800000,0x00000000d5800000,0x00000000dda00000)
  from space 11264K, 54% used [0x00000000dda00000,0x00000000de00a328,0x00000000de500000)
  to   space 10752K, 0% used [0x00000000e2780000,0x00000000e2780000,0x00000000e3200000)
 ParOldGen       total 64512K, used 10825K [0x0000000080800000, 0x0000000084700000, 0x00000000d5800000)
  object space 64512K, 16% used [0x0000000080800000,0x0000000081292418,0x0000000084700000)
 Metaspace       used 22871K, capacity 23222K, committed 23344K, reserved 1069056K
  class space    used 2846K, capacity 2941K, committed 2944K, reserved 1048576K
}
Event: 2.268 GC heap before
{Heap before GC invocations=9 (full 1):
 PSYoungGen      total 144384K, used 139304K [0x00000000d5800000, 0x00000000e3200000, 0x0000000100000000)
  eden space 133120K, 100% used [0x00000000d5800000,0x00000000dda00000,0x00000000dda00000)
  from space 11264K, 54% used [0x00000000dda00000,0x00000000de00a328,0x00000000de500000)
  to   space 10752K, 0% used [0x00000000e2780000,0x00000000e2780000,0x00000000e3200000)
 ParOldGen       total 64512K, used 10825K [0x0000000080800000, 0x0000000084700000, 0x00000000d5800000)
  object space 64512K, 16% used [0x0000000080800000,0x0000000081292418,0x0000000084700000)
 Metaspace       used 24503K, capacity 24920K, committed 24960K, reserved 1071104K
  class space    used 3053K, capacity 3179K, committed 3200K, reserved 1048576K
Event: 2.281 GC heap after
Heap after GC invocations=9 (full 1):
 PSYoungGen      total 211456K, used 6533K [0x00000000d5800000, 0x00000000e3100000, 0x0000000100000000)
  eden space 201728K, 0% used [0x00000000d5800000,0x00000000d5800000,0x00000000e1d00000)
  from space 9728K, 67% used [0x00000000e2780000,0x00000000e2de1588,0x00000000e3100000)
  to   space 10240K, 0% used [0x00000000e1d00000,0x00000000e1d00000,0x00000000e2700000)
 ParOldGen       total 64512K, used 10833K [0x0000000080800000, 0x0000000084700000, 0x00000000d5800000)
  object space 64512K, 16% used [0x0000000080800000,0x0000000081294418,0x0000000084700000)
 Metaspace       used 24503K, capacity 24920K, committed 24960K, reserved 1071104K
  class space    used 3053K, capacity 3179K, committed 3200K, reserved 1048576K
}
Event: 3.309 GC heap before
{Heap before GC invocations=10 (full 1):
 PSYoungGen      total 211456K, used 208261K [0x00000000d5800000, 0x00000000e3100000, 0x0000000100000000)
  eden space 201728K, 100% used [0x00000000d5800000,0x00000000e1d00000,0x00000000e1d00000)
  from space 9728K, 67% used [0x00000000e2780000,0x00000000e2de1588,0x00000000e3100000)
  to   space 10240K, 0% used [0x00000000e1d00000,0x00000000e1d00000,0x00000000e2700000)
 ParOldGen       total 64512K, used 10833K [0x0000000080800000, 0x0000000084700000, 0x00000000d5800000)
  object space 64512K, 16% used [0x0000000080800000,0x0000000081294418,0x0000000084700000)
 Metaspace       used 31011K, capacity 31502K, committed 31744K, reserved 1077248K
  class space    used 3882K, capacity 4004K, committed 4096K, reserved 1048576K
Event: 3.323 GC heap after
Heap after GC invocations=10 (full 1):
 PSYoungGen      total 211968K, used 10230K [0x00000000d5800000, 0x00000000e6f00000, 0x0000000100000000)
  eden space 201728K, 0% used [0x00000000d5800000,0x00000000d5800000,0x00000000e1d00000)
  from space 10240K, 99% used [0x00000000e1d00000,0x00000000e26fda88,0x00000000e2700000)
  to   space 13312K, 0% used [0x00000000e6200000,0x00000000e6200000,0x00000000e6f00000)
 ParOldGen       total 64512K, used 14731K [0x0000000080800000, 0x0000000084700000, 0x00000000d5800000)
  object space 64512K, 22% used [0x0000000080800000,0x0000000081662e50,0x0000000084700000)
 Metaspace       used 31011K, capacity 31502K, committed 31744K, reserved 1077248K
  class space    used 3882K, capacity 4004K, committed 4096K, reserved 1048576K
}
Event: 3.917 GC heap before
{Heap before GC invocations=11 (full 1):
 PSYoungGen      total 211968K, used 181981K [0x00000000d5800000, 0x00000000e6f00000, 0x0000000100000000)
  eden space 201728K, 85% used [0x00000000d5800000,0x00000000dffb9a00,0x00000000e1d00000)
  from space 10240K, 99% used [0x00000000e1d00000,0x00000000e26fda88,0x00000000e2700000)
  to   space 13312K, 0% used [0x00000000e6200000,0x00000000e6200000,0x00000000e6f00000)
 ParOldGen       total 64512K, used 14731K [0x0000000080800000, 0x0000000084700000, 0x00000000d5800000)
  object space 64512K, 22% used [0x0000000080800000,0x0000000081662e50,0x0000000084700000)
 Metaspace       used 34876K, capacity 35342K, committed 35456K, reserved 1081344K
  class space    used 4315K, capacity 4452K, committed 4480K, reserved 1048576K
Event: 3.943 GC heap after
Heap after GC invocations=11 (full 1):
 PSYoungGen      total 269824K, used 13282K [0x00000000d5800000, 0x00000000e7680000, 0x0000000100000000)
  eden space 256512K, 0% used [0x00000000d5800000,0x00000000d5800000,0x00000000e5280000)
  from space 13312K, 99% used [0x00000000e6200000,0x00000000e6ef8890,0x00000000e6f00000)
  to   space 15872K, 0% used [0x00000000e5280000,0x00000000e5280000,0x00000000e6200000)
 ParOldGen       total 64512K, used 17612K [0x0000000080800000, 0x0000000084700000, 0x00000000d5800000)
  object space 64512K, 27% used [0x0000000080800000,0x0000000081933148,0x0000000084700000)
 Metaspace       used 34876K, capacity 35342K, committed 35456K, reserved 1081344K
  class space    used 4315K, capacity 4452K, committed 4480K, reserved 1048576K
}
Event: 3.943 GC heap before
{Heap before GC invocations=12 (full 2):
 PSYoungGen      total 269824K, used 13282K [0x00000000d5800000, 0x00000000e7680000, 0x0000000100000000)
  eden space 256512K, 0% used [0x00000000d5800000,0x00000000d5800000,0x00000000e5280000)
  from space 13312K, 99% used [0x00000000e6200000,0x00000000e6ef8890,0x00000000e6f00000)
  to   space 15872K, 0% used [0x00000000e5280000,0x00000000e5280000,0x00000000e6200000)
 ParOldGen       total 64512K, used 17612K [0x0000000080800000, 0x0000000084700000, 0x00000000d5800000)
  object space 64512K, 27% used [0x0000000080800000,0x0000000081933148,0x0000000084700000)
 Metaspace       used 34876K, capacity 35342K, committed 35456K, reserved 1081344K
  class space    used 4315K, capacity 4452K, committed 4480K, reserved 1048576K
Event: 4.010 GC heap after
Heap after GC invocations=12 (full 2):
 PSYoungGen      total 269824K, used 0K [0x00000000d5800000, 0x00000000e7680000, 0x0000000100000000)
  eden space 256512K, 0% used [0x00000000d5800000,0x00000000d5800000,0x00000000e5280000)
  from space 13312K, 0% used [0x00000000e6200000,0x00000000e6200000,0x00000000e6f00000)
  to   space 15872K, 0% used [0x00000000e5280000,0x00000000e5280000,0x00000000e6200000)
 ParOldGen       total 102912K, used 25393K [0x0000000080800000, 0x0000000086c80000, 0x00000000d5800000)
  object space 102912K, 24% used [0x0000000080800000,0x00000000820cc7b0,0x0000000086c80000)
 Metaspace       used 34876K, capacity 35342K, committed 35456K, reserved 1081344K
  class space    used 4315K, capacity 4452K, committed 4480K, reserved 1048576K
}

