# JRE version: Java(TM) SE Runtime Environment (8.0_131-b11) (build 1.8.0_131-b11)
# Java VM: Java HotSpot(TM) 64-Bit Server VM (25.131-b11 mixed mode windows-amd64 compressed oops)
Heap:
 PSYoungGen      total 124928K, used 51920K [0x00000000d5800000, 0x00000000ded00000, 0x0000000100000000)
  eden space 118272K, 43% used [0x00000000d5800000,0x00000000d8ab43f8,0x00000000dcb80000)
  from space 6656K, 0% used [0x00000000de680000,0x00000000de680000,0x00000000ded00000)
  to   space 12288K, 0% used [0x00000000dd500000,0x00000000dd500000,0x00000000de100000)
 ParOldGen       total 82432K, used 20139K [0x0000000080800000, 0x0000000085880000, 0x00000000d5800000)
  object space 82432K, 24% used [0x0000000080800000,0x0000000081baafd8,0x0000000085880000)
 Metaspace       used 36676K, capacity 37094K, committed 37456K, reserved 1081344K
  class space    used 4532K, capacity 4651K, committed 4736K, reserved 1048576K
GC Heap History (10 events):
Event: 1.177 GC heap before
{Heap before GC invocations=6 (full 1):
 PSYoungGen      total 71680K, used 5101K [0x00000000d5800000, 0x00000000df300000, 0x0000000100000000)
  eden space 66560K, 0% used [0x00000000d5800000,0x00000000d5800000,0x00000000d9900000)
  from space 5120K, 99% used [0x00000000d9900000,0x00000000d9dfb5b0,0x00000000d9e00000)
  to   space 12800K, 0% used [0x00000000de680000,0x00000000de680000,0x00000000df300000)
 ParOldGen       total 87552K, used 14182K [0x0000000080800000, 0x0000000085d80000, 0x00000000d5800000)
  object space 87552K, 16% used [0x0000000080800000,0x00000000815d98a8,0x0000000085d80000)
 Metaspace       used 21177K, capacity 21450K, committed 21628K, reserved 1069056K
  class space    used 2554K, capacity 2628K, committed 2688K, reserved 1048576K
Event: 1.204 GC heap after
Heap after GC invocations=6 (full 1):
 PSYoungGen      total 71680K, used 0K [0x00000000d5800000, 0x00000000df300000, 0x0000000100000000)
  eden space 66560K, 0% used [0x00000000d5800000,0x00000000d5800000,0x00000000d9900000)
  from space 5120K, 0% used [0x00000000d9900000,0x00000000d9900000,0x00000000d9e00000)
  to   space 12800K, 0% used [0x00000000de680000,0x00000000de680000,0x00000000df300000)
 ParOldGen       total 57344K, used 9931K [0x0000000080800000, 0x0000000084000000, 0x00000000d5800000)
  object space 57344K, 17% used [0x0000000080800000,0x00000000811b2fe8,0x0000000084000000)
 Metaspace       used 21177K, capacity 21450K, committed 21628K, reserved 1069056K
  class space    used 2554K, capacity 2628K, committed 2688K, reserved 1048576K
}
Event: 1.705 GC heap before
{Heap before GC invocations=7 (full 1):
 PSYoungGen      total 71680K, used 66560K [0x00000000d5800000, 0x00000000df300000, 0x0000000100000000)
  eden space 66560K, 100% used [0x00000000d5800000,0x00000000d9900000,0x00000000d9900000)
  from space 5120K, 0% used [0x00000000d9900000,0x00000000d9900000,0x00000000d9e00000)
  to   space 12800K, 0% used [0x00000000de680000,0x00000000de680000,0x00000000df300000)
 ParOldGen       total 57344K, used 9931K [0x0000000080800000, 0x0000000084000000, 0x00000000d5800000)
  object space 57344K, 17% used [0x0000000080800000,0x00000000811b2fe8,0x0000000084000000)
 Metaspace       used 25040K, capacity 25374K, committed 25724K, reserved 1071104K
  class space    used 3038K, capacity 3154K, committed 3200K, reserved 1048576K
Event: 1.711 GC heap after
Heap after GC invocations=7 (full 1):
 PSYoungGen      total 124928K, used 6580K [0x00000000d5800000, 0x00000000ded00000, 0x0000000100000000)
  eden space 118272K, 0% used [0x00000000d5800000,0x00000000d5800000,0x00000000dcb80000)
  from space 6656K, 98% used [0x00000000de680000,0x00000000deced100,0x00000000ded00000)
  to   space 12288K, 0% used [0x00000000dd500000,0x00000000dd500000,0x00000000de100000)
 ParOldGen       total 57344K, used 9939K [0x0000000080800000, 0x0000000084000000, 0x00000000d5800000)
  object space 57344K, 17% used [0x0000000080800000,0x00000000811b4fe8,0x0000000084000000)
 Metaspace       used 25040K, capacity 25374K, committed 25724K, reserved 1071104K
  class space    used 3038K, capacity 3154K, committed 3200K, reserved 1048576K
}
Event: 2.790 GC heap before
{Heap before GC invocations=8 (full 1):
 PSYoungGen      total 124928K, used 124852K [0x00000000d5800000, 0x00000000ded00000, 0x0000000100000000)
  eden space 118272K, 100% used [0x00000000d5800000,0x00000000dcb80000,0x00000000dcb80000)
  from space 6656K, 98% used [0x00000000de680000,0x00000000deced100,0x00000000ded00000)
  to   space 12288K, 0% used [0x00000000dd500000,0x00000000dd500000,0x00000000de100000)
 ParOldGen       total 57344K, used 9939K [0x0000000080800000, 0x0000000084000000, 0x00000000d5800000)
  object space 57344K, 17% used [0x0000000080800000,0x00000000811b4fe8,0x0000000084000000)
 Metaspace       used 33118K, capacity 33574K, committed 34044K, reserved 1079296K
  class space    used 4130K, capacity 4267K, committed 4352K, reserved 1048576K
Event: 2.799 GC heap after
Heap after GC invocations=8 (full 1):
 PSYoungGen      total 130560K, used 12273K [0x00000000d5800000, 0x00000000ded00000, 0x0000000100000000)
  eden space 118272K, 0% used [0x00000000d5800000,0x00000000d5800000,0x00000000dcb80000)
  from space 12288K, 99% used [0x00000000dd500000,0x00000000de0fc778,0x00000000de100000)
  to   space 6656K, 0% used [0x00000000de680000,0x00000000de680000,0x00000000ded00000)
 ParOldGen       total 57344K, used 10490K [0x0000000080800000, 0x0000000084000000, 0x00000000d5800000)
  object space 57344K, 18% used [0x0000000080800000,0x000000008123e920,0x0000000084000000)
 Metaspace       used 33118K, capacity 33574K, committed 34044K, reserved 1079296K
  class space    used 4130K, capacity 4267K, committed 4352K, reserved 1048576K
}
Event: 3.135 GC heap before
{Heap before GC invocations=9 (full 1):
 PSYoungGen      total 130560K, used 49718K [0x00000000d5800000, 0x00000000ded00000, 0x0000000100000000)
  eden space 118272K, 31% used [0x00000000d5800000,0x00000000d7c910d0,0x00000000dcb80000)
  from space 12288K, 99% used [0x00000000dd500000,0x00000000de0fc778,0x00000000de100000)
  to   space 6656K, 0% used [0x00000000de680000,0x00000000de680000,0x00000000ded00000)
 ParOldGen       total 57344K, used 10490K [0x0000000080800000, 0x0000000084000000, 0x00000000d5800000)
  object space 57344K, 18% used [0x0000000080800000,0x000000008123e920,0x0000000084000000)
 Metaspace       used 35321K, capacity 35718K, committed 36048K, reserved 1081344K
  class space    used 4364K, capacity 4491K, committed 4608K, reserved 1048576K
Event: 3.142 GC heap after
Heap after GC invocations=9 (full 1):
 PSYoungGen      total 124928K, used 6624K [0x00000000d5800000, 0x00000000ded00000, 0x0000000100000000)
  eden space 118272K, 0% used [0x00000000d5800000,0x00000000d5800000,0x00000000dcb80000)
  from space 6656K, 99% used [0x00000000de680000,0x00000000decf8020,0x00000000ded00000)
  to   space 12288K, 0% used [0x00000000dd500000,0x00000000dd500000,0x00000000de100000)
 ParOldGen       total 57344K, used 14789K [0x0000000080800000, 0x0000000084000000, 0x00000000d5800000)
  object space 57344K, 25% used [0x0000000080800000,0x00000000816716e0,0x0000000084000000)
 Metaspace       used 35321K, capacity 35718K, committed 36048K, reserved 1081344K
  class space    used 4364K, capacity 4491K, committed 4608K, reserved 1048576K
}
Event: 3.142 GC heap before
{Heap before GC invocations=10 (full 2):
 PSYoungGen      total 124928K, used 6624K [0x00000000d5800000, 0x00000000ded00000, 0x0000000100000000)
  eden space 118272K, 0% used [0x00000000d5800000,0x00000000d5800000,0x00000000dcb80000)
  from space 6656K, 99% used [0x00000000de680000,0x00000000decf8020,0x00000000ded00000)
  to   space 12288K, 0% used [0x00000000dd500000,0x00000000dd500000,0x00000000de100000)
 ParOldGen       total 57344K, used 14789K [0x0000000080800000, 0x0000000084000000, 0x00000000d5800000)
  object space 57344K, 25% used [0x0000000080800000,0x00000000816716e0,0x0000000084000000)
 Metaspace       used 35321K, capacity 35718K, committed 36048K, reserved 1081344K
  class space    used 4364K, capacity 4491K, committed 4608K, reserved 1048576K
Event: 3.212 GC heap after
Heap after GC invocations=10 (full 2):
 PSYoungGen      total 124928K, used 0K [0x00000000d5800000, 0x00000000ded00000, 0x0000000100000000)
  eden space 118272K, 0% used [0x00000000d5800000,0x00000000d5800000,0x00000000dcb80000)
  from space 6656K, 0% used [0x00000000de680000,0x00000000de680000,0x00000000ded00000)
  to   space 12288K, 0% used [0x00000000dd500000,0x00000000dd500000,0x00000000de100000)
 ParOldGen       total 82432K, used 20139K [0x0000000080800000, 0x0000000085880000, 0x00000000d5800000)
  object space 82432K, 24% used [0x0000000080800000,0x0000000081baafd8,0x0000000085880000)
 Metaspace       used 35321K, capacity 35718K, committed 36048K, reserved 1081344K
  class space    used 4364K, capacity 4491K, committed 4608K, reserved 1048576K
}

